*   Trying 192.229.162.143...
* TCP_NODELAY set
* Connected to eds-api.ebscohost.com (192.229.162.143) port 443 (#0)
* ALPN, offering h2
* ALPN, offering http/1.1
* Cipher selection: ALL:!EXPORT:!EXPORT40:!EXPORT56:!aNULL:!LOW:!RC4:@STRENGTH
* successfully set certificate verify locations:
*   CAfile: /etc/pki/tls/certs/ca-bundle.crt
  CApath: none
* SSL connection using TLSv1.2 / ECDHE-RSA-AES128-GCM-SHA256
* ALPN, server accepted to use h2
* Server certificate:
*  subject: OU=Domain Control Validated; CN=*.ebscohost.com
*  start date: Jan 27 21:12:01 2017 GMT
*  expire date: Jan 27 21:12:01 2020 GMT
*  subjectAltName: host "eds-api.ebscohost.com" matched cert's "*.ebscohost.com"
*  issuer: C=US; ST=Arizona; L=Scottsdale; O=GoDaddy.com, Inc.; OU=http://certs.godaddy.com/repository/; CN=Go Daddy Secure Certificate Authority - G2
*  SSL certificate verify ok.
* Using HTTP2, server supports multi-use
* Connection state changed (HTTP/2 confirmed)
* Copying HTTP/2 data in stream buffer to connection buffer after upgrade: len=0
* Using Stream ID: 1 (easy handle 0x22b0980)
> GET /edsapi/rest/Retrieve?an=sharc.1429293&dbid=cat00831a&highlightterms=cats HTTP/2
Host: eds-api.ebscohost.com
Accept: */*
x-authenticationToken: AD0xtgjdwxw0t3gqudO22Suuo0flJF3zsPd7IkN1c3RvbWVySWQiOiJzNTkxMzI2NiIsIkdyb3VwSWQiOiJtYWluIn0
x-sessionToken: 74ff3c1a-6025-4738-a818-f0943087d5e1.B3eNAwFf4AerNDl3+BqSLM2Xldn0QsaqeD/rWs+oqaI=

* Connection state changed (MAX_CONCURRENT_STREAMS == 100)!
< HTTP/2 200 
< cache-control: private
< content-type: application/xml; charset=utf-8
< date: Fri, 13 Dec 2019 15:11:04 GMT
< server: Microsoft-IIS/8.5
< x-aspnet-version: 4.0.30319
< x-authenticationtoken: AD0xtgjdwxw0t3gqudO22Suuo0flJF3zsPd7IkN1c3RvbWVySWQiOiJzNTkxMzI2NiIsIkdyb3VwSWQiOiJtYWluIn0
< x-msg-correlid: 7f000a86-3140-4cb2-b2db-5bee8ba634fc
< x-powered-by: ASP.NET
< x-sessionno: -25998788
< x-sessiontoken: 74ff3c1a-6025-4738-a818-f0943087d5e1.B3eNAwFf4AerNDl3+BqSLM2Xldn0QsaqeD/rWs+oqaI=
< content-length: 9861
< 
* Connection #0 to host eds-api.ebscohost.com left intact
